Unity Editor version:    2020.3.32f1 (12f8b0834f07)
Branch:                  2020.3/staging
Build type:              Release
Batch mode:              YES
macOS version:           Version 11.6.2 (Build 20G314)
Darwin version:          20.6.0
Architecture:            x86_64
Running under Rosetta:   NO
Available memory:        32768 MB
Using pre-set license
Pro License: NO

COMMAND LINE ARGUMENTS:
/Applications/Unity/Hub/Editor/2020.3.32f1/Unity.app/Contents/MacOS/Unity
-adb2
-batchMode
-noUpm
-name
AssetImportWorker0
-projectPath
/Users/bailey/Documents/tanks-ar
-logFile
Logs/AssetImportWorker0.log
-srvPort
58473
Successfully changed project path to: /Users/bailey/Documents/tanks-ar
/Users/bailey/Documents/tanks-ar
Using Asset Import Pipeline V2.
Refreshing native plugins compatible for Editor in 74.49 ms, found 3 plugins.
Preloading 0 native plugins for Editor in 0.00 ms.
Initialize engine version: 2020.3.32f1 (12f8b0834f07)
[Subsystems] Discovering subsystems at path /Applications/Unity/Hub/Editor/2020.3.32f1/Unity.app/Contents/Resources/UnitySubsystems
[Subsystems] Discovering subsystems at path /Users/bailey/Documents/tanks-ar/Assets
GfxDevice: creating device client; threaded=0
2022-04-02 15:32:19.969 Unity[99875:2565891] Color LCD preferred device: Intel(R) UHD Graphics 630 (low power)
2022-04-02 15:32:19.969 Unity[99875:2565891] Metal devices available: 2
2022-04-02 15:32:19.969 Unity[99875:2565891] 0: AMD Radeon Pro 555X (high power)
2022-04-02 15:32:19.969 Unity[99875:2565891] 1: Intel(R) UHD Graphics 630 (low power)
2022-04-02 15:32:19.970 Unity[99875:2565891] Using device AMD Radeon Pro 555X (high power)
Initializing Metal device caps: AMD Radeon Pro 555X
Initialize mono
Mono path[0] = '/Applications/Unity/Hub/Editor/2020.3.32f1/Unity.app/Contents/Managed'
Mono path[1] = '/Applications/Unity/Hub/Editor/2020.3.32f1/Unity.app/Contents/MonoBleedingEdge/lib/mono/unityjit'
Mono config path = '/Applications/Unity/Hub/Editor/2020.3.32f1/Unity.app/Contents/MonoBleedingEdge/etc'
Using monoOptions --debugger-agent=transport=dt_socket,embedding=1,server=y,suspend=n,address=127.0.0.1:56875
Begin MonoManager ReloadAssembly
Registering precompiled unity dll's ...
Register platform support module: /Applications/Unity/Hub/Editor/2020.3.32f1/PlaybackEngines/WebGLSupport/UnityEditor.WebGL.Extensions.dll
Register platform support module: /Applications/Unity/Hub/Editor/2020.3.32f1/Unity.app/Contents/PlaybackEngines/MacStandaloneSupport/UnityEditor.OSXStandalone.Extensions.dll
Registered in 0.006078 seconds.
Native extension for OSXStandalone target not found
Native extension for WebGL target not found
Refreshing native plugins compatible for Editor in 55.95 ms, found 3 plugins.
Preloading 0 native plugins for Editor in 0.00 ms.
Mono: successfully reloaded assembly
- Completed reload, in  1.003 seconds
Domain Reload Profiling:
	ReloadAssembly (1003ms)
		BeginReloadAssembly (158ms)
			ExecutionOrderSort (0ms)
			DisableScriptedObjects (0ms)
			BackupInstance (0ms)
			ReleaseScriptingObjects (0ms)
			CreateAndSetChildDomain (1ms)
		EndReloadAssembly (726ms)
			LoadAssemblies (159ms)
			RebuildTransferFunctionScriptingTraits (0ms)
			SetupTypeCache (270ms)
			ReleaseScriptCaches (0ms)
			RebuildScriptCaches (57ms)
			SetupLoadedEditorAssemblies (268ms)
				LogAssemblyErrors (0ms)
				InitializePlatformSupportModulesInManaged (7ms)
				SetLoadedEditorAssemblies (0ms)
				RefreshPlugins (56ms)
				BeforeProcessingInitializeOnLoad (12ms)
				ProcessInitializeOnLoadAttributes (151ms)
				ProcessInitializeOnLoadMethodAttributes (41ms)
				AfterProcessingInitializeOnLoad (0ms)
				EditorAssembliesLoaded (0ms)
			ExecutionOrderSort2 (0ms)
			AwakeInstancesAfterBackupRestoration (0ms)
Platform modules already initialized, skipping
Registering precompiled user dll's ...
Registered in 0.006015 seconds.
Begin MonoManager ReloadAssembly
Native extension for OSXStandalone target not found
Native extension for WebGL target not found
Refreshing native plugins compatible for Editor in 0.56 ms, found 3 plugins.
Preloading 0 native plugins for Editor in 0.00 ms.
Fallback handler could not load library /Applications/Unity/Hub/Editor/2020.3.32f1/Unity.app/Contents/Frameworks/Mono/lib/libTODO_DOES_NOT_EXIST
Fallback handler could not load library /Applications/Unity/Hub/Editor/2020.3.32f1/Unity.app/Contents/Frameworks/Mono/lib/libTODO_DOES_NOT_EXIST.dylib
Fallback handler could not load library /Applications/Unity/Hub/Editor/2020.3.32f1/Unity.app/Contents/Frameworks/Mono/lib/libTODO_DOES_NOT_EXIST.so
Fallback handler could not load library /Applications/Unity/Hub/Editor/2020.3.32f1/Unity.app/Contents/Frameworks/Mono/lib/libTODO_DOES_NOT_EXIST.bundle
Fallback handler could not load library /Applications/Unity/Hub/Editor/2020.3.32f1/Unity.app/Contents/Frameworks/Mono/lib/TODO_DOES_NOT_EXIST
Fallback handler could not load library /Applications/Unity/Hub/Editor/2020.3.32f1/Unity.app/Contents/Frameworks/Mono/lib/libTODO_DOES_NOT_EXIST
Fallback handler could not load library /Applications/Unity/Hub/Editor/2020.3.32f1/Unity.app/Contents/Frameworks/Mono/lib/libTODO_DOES_NOT_EXIST.dylib
Fallback handler could not load library /Applications/Unity/Hub/Editor/2020.3.32f1/Unity.app/Contents/Frameworks/Mono/lib/libTODO_DOES_NOT_EXIST.so
Fallback handler could not load library /Applications/Unity/Hub/Editor/2020.3.32f1/Unity.app/Contents/Frameworks/Mono/lib/libTODO_DOES_NOT_EXIST.bundle
Fallback handler could not load library /Applications/Unity/Hub/Editor/2020.3.32f1/Unity.app/Contents/Frameworks/Mono/lib/libTODO_DOES_NOT_EXIST
Fallback handler could not load library /Applications/Unity/Hub/Editor/2020.3.32f1/Unity.app/Contents/Frameworks/Mono/lib/libTODO_DOES_NOT_EXIST
Fallback handler could not load library /Applications/Unity/Hub/Editor/2020.3.32f1/Unity.app/Contents/Frameworks/Mono/lib/libTODO_DOES_NOT_EXIST.dylib
Fallback handler could not load library /Applications/Unity/Hub/Editor/2020.3.32f1/Unity.app/Contents/Frameworks/Mono/lib/libTODO_DOES_NOT_EXIST.so
Fallback handler could not load library /Applications/Unity/Hub/Editor/2020.3.32f1/Unity.app/Contents/Frameworks/Mono/lib/libTODO_DOES_NOT_EXIST.bundle
Fallback handler could not load library /Applications/Unity/Hub/Editor/2020.3.32f1/Unity.app/Contents/Frameworks/Mono/lib/TODO_DOES_NOT_EXIST
Fallback handler could not load library /Applications/Unity/Hub/Editor/2020.3.32f1/Unity.app/Contents/Frameworks/Mono/lib/libTODO_DOES_NOT_EXIST
Fallback handler could not load library /Applications/Unity/Hub/Editor/2020.3.32f1/Unity.app/Contents/Frameworks/Mono/lib/libTODO_DOES_NOT_EXIST.dylib
Fallback handler could not load library /Applications/Unity/Hub/Editor/2020.3.32f1/Unity.app/Contents/Frameworks/Mono/lib/libTODO_DOES_NOT_EXIST.so
Fallback handler could not load library /Applications/Unity/Hub/Editor/2020.3.32f1/Unity.app/Contents/Frameworks/Mono/lib/libTODO_DOES_NOT_EXIST.bundle
Fallback handler could not load library /Applications/Unity/Hub/Editor/2020.3.32f1/Unity.app/Contents/Frameworks/Mono/lib/libTODO_DOES_NOT_EXIST
Mono: successfully reloaded assembly
- Completed reload, in  1.595 seconds
Domain Reload Profiling:
	ReloadAssembly (1597ms)
		BeginReloadAssembly (221ms)
			ExecutionOrderSort (0ms)
			DisableScriptedObjects (7ms)
			BackupInstance (0ms)
			ReleaseScriptingObjects (0ms)
			CreateAndSetChildDomain (43ms)
		EndReloadAssembly (1283ms)
			LoadAssemblies (131ms)
			RebuildTransferFunctionScriptingTraits (0ms)
			SetupTypeCache (481ms)
			ReleaseScriptCaches (0ms)
			RebuildScriptCaches (81ms)
			SetupLoadedEditorAssemblies (445ms)
				LogAssemblyErrors (0ms)
				InitializePlatformSupportModulesInManaged (7ms)
				SetLoadedEditorAssemblies (1ms)
				RefreshPlugins (1ms)
				BeforeProcessingInitializeOnLoad (100ms)
				ProcessInitializeOnLoadAttributes (294ms)
				ProcessInitializeOnLoadMethodAttributes (39ms)
				AfterProcessingInitializeOnLoad (3ms)
				EditorAssembliesLoaded (0ms)
			ExecutionOrderSort2 (0ms)
			AwakeInstancesAfterBackupRestoration (9ms)
Platform modules already initialized, skipping
Validating Project structure ... 0.031966 seconds.
Shader import version has changed; will reimport all shaders...
Upgrading shader files ...0.045025 seconds.
Application.AssetDatabase Initial Script Refresh Start
RefreshInfo: InitialScriptRefreshV2(NoUpdateAssetOptions) scanfilter:  ... 1 filters
RefreshProfiler: Total: 0.000ms
Application.AssetDatabase Initial Script Refresh End
Application.AssetDatabase.Refresh Start
Application.AssetDatabase.Refresh End
RefreshInfo: StopAssetImportingV2(ForceSynchronousImport) scanfilter: 
RefreshProfiler: Total: 0.000ms
Launching external process: /Applications/Unity/Hub/Editor/2020.3.32f1/Unity.app/Contents/Tools/UnityShaderCompiler
Launched and connected shader compiler UnityShaderCompiler after 0.02 seconds
Initializing Unity extensions:
========================================================================
Worker process is ready to serve import requests
Refreshing native plugins compatible for Editor in 0.55 ms, found 3 plugins.
Preloading 0 native plugins for Editor in 0.00 ms.
Unloading 2244 Unused Serialized files (Serialized files now loaded: 0)
System memory in use before: 204.7 MB.
System memory in use after: 203.9 MB.

Unloading 179 unused Assets to reduce memory usage. Loaded Objects now: 2702.
Total: 4.254376 ms (FindLiveObjects: 0.210651 ms CreateObjectMapping: 0.112790 ms MarkObjects: 3.240772 ms  DeleteObjects: 0.689350 ms)

AssetImportParameters requested are different than current active one (requested -> active):
  custom:video-decoder-ogg-theora: a1e56fd34408186e4bbccfd4996cb3dc -> 
  custom:container-muxer-webm: aa71ff27fc2769a1b78a27578f13a17b -> 
  custom:container-demuxer-webm: 4f35f7cbe854078d1ac9338744f61a02 -> 
  custom:container-demuxer-ogg: 62fdf1f143b41e24485cea50d1cbac27 -> 
  custom:video-encoder-webm-vp8: eb34c28f22e8b96e1ab97ce403110664 -> 
  custom:framework-osx-AVFoundation: e770b220cccbd017edd2c1fefb359320 -> 
  custom:video-decoder-webm-vp8: 9c59270c3fd7afecdb556c50c9e8de78 -> 
  custom:audio-decoder-ogg-vorbis: bf7c407c2cedff20999df2af8eb42d56 -> 
  custom:audio-encoder-webm-vorbis: bf7c407c2cedff20999df2af8eb42d56 -> 
========================================================================
Received Import Request.
  path: Assets/ARDKExamples/ContextAwareness/Meshing/Meshing.unity
  artifactKey: Guid(5f23a8470b465422cb097c10aa71e80d) Importer(815301076,1909f56bfc062723c751e8b465ee728b)
Start importing Assets/ARDKExamples/ContextAwareness/Meshing/Meshing.unity using Guid(5f23a8470b465422cb097c10aa71e80d) Importer(815301076,1909f56bfc062723c751e8b465ee728b)  -> (artifact id: '5c6a62467d43ced451f7c2ad19f26405') in 0.005248 seconds 
========================================================================
Received Import Request.
  Time since last request: 11.016417 seconds.
  path: Assets/ARDKExamples/ContextAwareness/Meshing/MeshLoader.unity
  artifactKey: Guid(036c6e48c322148c3a025e6b0599453e) Importer(815301076,1909f56bfc062723c751e8b465ee728b)
Start importing Assets/ARDKExamples/ContextAwareness/Meshing/MeshLoader.unity using Guid(036c6e48c322148c3a025e6b0599453e) Importer(815301076,1909f56bfc062723c751e8b465ee728b)  -> (artifact id: '454869aeb539d5c1b0956294824b9f95') in 0.002730 seconds 
========================================================================
Received Import Request.
  Time since last request: 63.495959 seconds.
  path: Assets/ARDKExamples/ContextAwareness/Depth/Depth.unity
  artifactKey: Guid(e5811d6a38e5846ca8d1a720194f0a1b) Importer(815301076,1909f56bfc062723c751e8b465ee728b)
Start importing Assets/ARDKExamples/ContextAwareness/Depth/Depth.unity using Guid(e5811d6a38e5846ca8d1a720194f0a1b) Importer(815301076,1909f56bfc062723c751e8b465ee728b)  -> (artifact id: '6437f800338c6130ea584985102be76a') in 0.002594 seconds 
========================================================================
Received Import Request.
  Time since last request: 219.688019 seconds.
  path: Assets/ARDKExamples/ContextAwareness/Meshing/MeshingSemantics.unity
  artifactKey: Guid(cccc54269e5094071992b7e1aa2901b6) Importer(815301076,1909f56bfc062723c751e8b465ee728b)
Start importing Assets/ARDKExamples/ContextAwareness/Meshing/MeshingSemantics.unity using Guid(cccc54269e5094071992b7e1aa2901b6) Importer(815301076,1909f56bfc062723c751e8b465ee728b)  -> (artifact id: '1532ccfb3cda4b03882722c502ecacf4') in 0.002231 seconds 
========================================================================
Received Prepare
Refreshing native plugins compatible for Editor in 4.57 ms, found 3 plugins.
Preloading 0 native plugins for Editor in 0.00 ms.
Unloading 24 Unused Serialized files (Serialized files now loaded: 0)
System memory in use before: 157.8 MB.
System memory in use after: 157.8 MB.

Unloading 24 unused Assets to reduce memory usage. Loaded Objects now: 2702.
Total: 3.289856 ms (FindLiveObjects: 0.197345 ms CreateObjectMapping: 0.093347 ms MarkObjects: 2.922106 ms  DeleteObjects: 0.075974 ms)

AssetImportParameters requested are different than current active one (requested -> active):
  custom:video-decoder-ogg-theora: a1e56fd34408186e4bbccfd4996cb3dc -> 
  custom:container-muxer-webm: aa71ff27fc2769a1b78a27578f13a17b -> 
  custom:container-demuxer-webm: 4f35f7cbe854078d1ac9338744f61a02 -> 
  custom:container-demuxer-ogg: 62fdf1f143b41e24485cea50d1cbac27 -> 
  custom:video-encoder-webm-vp8: eb34c28f22e8b96e1ab97ce403110664 -> 
  custom:framework-osx-AVFoundation: e770b220cccbd017edd2c1fefb359320 -> 
  custom:video-decoder-webm-vp8: 9c59270c3fd7afecdb556c50c9e8de78 -> 
  custom:audio-decoder-ogg-vorbis: bf7c407c2cedff20999df2af8eb42d56 -> 
  custom:audio-encoder-webm-vorbis: bf7c407c2cedff20999df2af8eb42d56 -> 
========================================================================
Received Prepare
Refreshing native plugins compatible for Editor in 4.60 ms, found 3 plugins.
Preloading 0 native plugins for Editor in 0.00 ms.
Unloading 24 Unused Serialized files (Serialized files now loaded: 0)
System memory in use before: 157.8 MB.
System memory in use after: 157.8 MB.

Unloading 24 unused Assets to reduce memory usage. Loaded Objects now: 2702.
Total: 3.453625 ms (FindLiveObjects: 0.186942 ms CreateObjectMapping: 0.100091 ms MarkObjects: 3.079994 ms  DeleteObjects: 0.085776 ms)

AssetImportParameters requested are different than current active one (requested -> active):
  custom:video-decoder-ogg-theora: a1e56fd34408186e4bbccfd4996cb3dc -> 
  custom:container-muxer-webm: aa71ff27fc2769a1b78a27578f13a17b -> 
  custom:container-demuxer-webm: 4f35f7cbe854078d1ac9338744f61a02 -> 
  custom:container-demuxer-ogg: 62fdf1f143b41e24485cea50d1cbac27 -> 
  custom:video-encoder-webm-vp8: eb34c28f22e8b96e1ab97ce403110664 -> 
  custom:framework-osx-AVFoundation: e770b220cccbd017edd2c1fefb359320 -> 
  custom:video-decoder-webm-vp8: 9c59270c3fd7afecdb556c50c9e8de78 -> 
  custom:audio-decoder-ogg-vorbis: bf7c407c2cedff20999df2af8eb42d56 -> 
  custom:audio-encoder-webm-vorbis: bf7c407c2cedff20999df2af8eb42d56 -> 
